<?xml version="1.0" encoding="UTF-8"?>
<testsuite xmlns:xsi="http://www.w3.org/2001/XMLSchema-instance" xsi:noNamespaceSchemaLocation="https://maven.apache.org/surefire/maven-surefire-plugin/xsd/surefire-test-report-3.0.xsd" version="3.0" name="org.acme.schooltimetabling.solver.TimeTableConstraintProviderTest" time="28.519" tests="6" errors="0" skipped="0" failures="1">
  <properties>
[...]
</properties>
  <testcase name="teacherRoomStability" classname="org.acme.schooltimetabling.solver.TimeTableConstraintProviderTest" time="1.415">
    <system-out><![CDATA[20:28:51.152 [main] DEBUG org.springframework.test.context.BootstrapUtils - Instantiating CacheAwareContextLoaderDelegate from class [org.springframework.test.context.cache.DefaultCacheAwareContextLoaderDelegate]
20:28:51.202 [main] DEBUG org.springframework.test.context.BootstrapUtils - Instantiating BootstrapContext using constructor [public org.springframework.test.context.support.DefaultBootstrapContext(java.lang.Class,org.springframework.test.context.CacheAwareContextLoaderDelegate)]
20:28:51.320 [main] DEBUG org.springframework.test.context.BootstrapUtils - Instantiating TestContextBootstrapper for test class [org.acme.schooltimetabling.solver.TimeTableConstraintProviderTest] from class [org.springframework.boot.test.context.SpringBootTestContextBootstrapper]
20:28:51.371 [main] INFO org.springframework.boot.test.context.SpringBootTestContextBootstrapper - Neither @ContextConfiguration nor @ContextHierarchy found for test class [org.acme.schooltimetabling.solver.TimeTableConstraintProviderTest], using SpringBootContextLoader
20:28:51.384 [main] DEBUG org.springframework.test.context.support.AbstractContextLoader - Did not detect default resource location for test class [org.acme.schooltimetabling.solver.TimeTableConstraintProviderTest]: class path resource [org/acme/schooltimetabling/solver/TimeTableConstraintProviderTest-context.xml] does not exist
20:28:51.385 [main] DEBUG org.springframework.test.context.support.AbstractContextLoader - Did not detect default resource location for test class [org.acme.schooltimetabling.solver.TimeTableConstraintProviderTest]: class path resource [org/acme/schooltimetabling/solver/TimeTableConstraintProviderTestContext.groovy] does not exist
20:28:51.386 [main] INFO org.springframework.test.context.support.AbstractContextLoader - Could not detect default resource locations for test class [org.acme.schooltimetabling.solver.TimeTableConstraintProviderTest]: no resource found for suffixes {-context.xml, Context.groovy}.
20:28:51.389 [main] INFO org.springframework.test.context.support.AnnotationConfigContextLoaderUtils - Could not detect default configuration classes for test class [org.acme.schooltimetabling.solver.TimeTableConstraintProviderTest]: TimeTableConstraintProviderTest does not declare any static, non-private, non-final, nested classes annotated with @Configuration.
20:28:51.557 [main] DEBUG org.springframework.test.context.support.ActiveProfilesUtils - Could not find an 'annotation declaring class' for annotation type [org.springframework.test.context.ActiveProfiles] and class [org.acme.schooltimetabling.solver.TimeTableConstraintProviderTest]
20:28:51.800 [main] DEBUG org.springframework.context.annotation.ClassPathScanningCandidateComponentProvider - Identified candidate component class: file [/Users/ManavSharma/Desktop/pholder/College/Y4/Sem 2/FYP Impl/TMS/target/classes/org/acme/schooltimetabling/TimeTableSpringBootApp.class]
20:28:51.802 [main] INFO org.springframework.boot.test.context.SpringBootTestContextBootstrapper - Found @SpringBootConfiguration org.acme.schooltimetabling.TimeTableSpringBootApp for test class org.acme.schooltimetabling.solver.TimeTableConstraintProviderTest
20:28:52.169 [main] DEBUG org.springframework.boot.test.context.SpringBootTestContextBootstrapper - @TestExecutionListeners is not present for class [org.acme.schooltimetabling.solver.TimeTableConstraintProviderTest]: using defaults.
20:28:52.170 [main] INFO org.springframework.boot.test.context.SpringBootTestContextBootstrapper - Loaded default TestExecutionListener class names from location [META-INF/spring.factories]: [org.springframework.boot.test.mock.mockito.MockitoTestExecutionListener, org.springframework.boot.test.mock.mockito.ResetMocksTestExecutionListener, org.springframework.boot.test.autoconfigure.restdocs.RestDocsTestExecutionListener, org.springframework.boot.test.autoconfigure.web.client.MockRestServiceServerResetTestExecutionListener, org.springframework.boot.test.autoconfigure.web.servlet.MockMvcPrintOnlyOnFailureTestExecutionListener, org.springframework.boot.test.autoconfigure.web.servlet.WebDriverTestExecutionListener, org.springframework.boot.test.autoconfigure.webservices.client.MockWebServiceServerTestExecutionListener, org.springframework.test.context.web.ServletTestExecutionListener, org.springframework.test.context.support.DirtiesContextBeforeModesTestExecutionListener, org.springframework.test.context.event.ApplicationEventsTestExecutionListener, org.springframework.test.context.support.DependencyInjectionTestExecutionListener, org.springframework.test.context.support.DirtiesContextTestExecutionListener, org.springframework.test.context.transaction.TransactionalTestExecutionListener, org.springframework.test.context.jdbc.SqlScriptsTestExecutionListener, org.springframework.test.context.event.EventPublishingTestExecutionListener]
20:28:52.247 [main] INFO org.springframework.boot.test.context.SpringBootTestContextBootstrapper - Using TestExecutionListeners: [org.springframework.test.context.web.ServletTestExecutionListener@19e4fcac, org.springframework.test.context.support.DirtiesContextBeforeModesTestExecutionListener@52c3cb31, org.springframework.test.context.event.ApplicationEventsTestExecutionListener@4b79ac84, org.springframework.boot.test.mock.mockito.MockitoTestExecutionListener@53941c2f, org.springframework.boot.test.autoconfigure.SpringBootDependencyInjectionTestExecutionListener@6dab9b6d, org.springframework.test.context.support.DirtiesContextTestExecutionListener@21fd5faa, org.springframework.test.context.transaction.TransactionalTestExecutionListener@2766ca9d, org.springframework.test.context.jdbc.SqlScriptsTestExecutionListener@5460cf3a, org.springframework.test.context.event.EventPublishingTestExecutionListener@65a15628, org.springframework.boot.test.mock.mockito.ResetMocksTestExecutionListener@2e6a5539, org.springframework.boot.test.autoconfigure.restdocs.RestDocsTestExecutionListener@3fc9504b, org.springframework.boot.test.autoconfigure.web.client.MockRestServiceServerResetTestExecutionListener@6d025197, org.springframework.boot.test.autoconfigure.web.servlet.MockMvcPrintOnlyOnFailureTestExecutionListener@27d4a09, org.springframework.boot.test.autoconfigure.web.servlet.WebDriverTestExecutionListener@7e4204e2, org.springframework.boot.test.autoconfigure.webservices.client.MockWebServiceServerTestExecutionListener@b7c4869]
20:28:52.262 [main] DEBUG org.springframework.test.context.support.AbstractDirtiesContextTestExecutionListener - Before test class: context [DefaultTestContext@6bca7e0d testClass = TimeTableConstraintProviderTest, testInstance = [null], testMethod = [null], testException = [null], mergedContextConfiguration = [WebMergedContextConfiguration@2631f68c testClass = TimeTableConstraintProviderTest, locations = '{}', classes = '{class org.acme.schooltimetabling.TimeTableSpringBootApp}', contextInitializerClasses = '[]', activeProfiles = '{}', propertySourceLocations = '{}', propertySourceProperties = '{org.springframework.boot.test.context.SpringBootTestContextBootstrapper=true}', contextCustomizers = set[org.springframework.boot.test.context.filter.ExcludeFilterContextCustomizer@3012646b, org.springframework.boot.test.json.DuplicateJsonObjectContextCustomizerFactory$DuplicateJsonObjectContextCustomizer@537f60bf, org.springframework.boot.test.mock.mockito.MockitoContextCustomizer@0, org.springframework.boot.test.web.client.TestRestTemplateContextCustomizer@71ba6d4e, org.springframework.boot.test.autoconfigure.actuate.metrics.MetricsExportContextCustomizerFactory$DisableMetricExportContextCustomizer@2e385cce, org.springframework.boot.test.autoconfigure.properties.PropertyMappingContextCustomizer@0, org.springframework.boot.test.autoconfigure.web.servlet.WebDriverContextCustomizerFactory$Customizer@74ea2410, org.springframework.boot.test.context.SpringBootTestArgs@1, org.springframework.boot.test.context.SpringBootTestWebEnvironment@4fcd19b3], resourceBasePath = 'src/main/webapp', contextLoader = 'org.springframework.boot.test.context.SpringBootContextLoader', parent = [null]], attributes = map['org.springframework.test.context.web.ServletTestExecutionListener.activateListener' -> true]], class annotated with @DirtiesContext [false] with mode [null].

  .   ____          _            __ _ _
 /\\ / ___'_ __ _ _(_)_ __  __ _ \ \ \ \
( ( )\___ | '_ | '_| | '_ \/ _` | \ \ \ \
 \\/  ___)| |_)| | | | | || (_| |  ) ) ) )
  '  |____| .__|_| |_|_| |_\__, | / / / /
 =========|_|==============|___/=/_/_/_/
 :: Spring Boot ::               (v2.7.12)

20:28:58.417  INFO &amp#27;[34m[main           ]&amp#27;[0;39m Starting TimeTableConstraintProviderTest using Java 20.0.2 on MACBOOK-AIR.station with PID 4140 (started by ManavSharma in /Users/ManavSharma/Desktop/pholder/College/Y4/Sem 2/FYP Impl/TMS)
20:28:58.419  INFO &amp#27;[34m[main           ]&amp#27;[0;39m No active profile set, falling back to 1 default profile: "default"
20:29:00.590  INFO &amp#27;[34m[main           ]&amp#27;[0;39m Bootstrapping Spring Data JPA repositories in DEFAULT mode.
20:29:00.715  INFO &amp#27;[34m[main           ]&amp#27;[0;39m Finished Spring Data repository scanning in 104 ms. Found 3 JPA repository interfaces.
20:29:01.993  INFO &amp#27;[34m[main           ]&amp#27;[0;39m HikariPool-1 - Starting...
20:29:02.500  INFO &amp#27;[34m[main           ]&amp#27;[0;39m HikariPool-1 - Start completed.
20:29:02.656  INFO &amp#27;[34m[main           ]&amp#27;[0;39m HHH000204: Processing PersistenceUnitInfo [name: default]
20:29:02.857  INFO &amp#27;[34m[main           ]&amp#27;[0;39m HHH000412: Hibernate ORM core version 5.6.15.Final
20:29:03.419  INFO &amp#27;[34m[main           ]&amp#27;[0;39m HCANN000001: Hibernate Commons Annotations {5.1.2.Final}
20:29:03.752  INFO &amp#27;[34m[main           ]&amp#27;[0;39m HHH000400: Using dialect: org.hibernate.dialect.PostgreSQLDialect
20:29:05.286  INFO &amp#27;[34m[main           ]&amp#27;[0;39m HHH000490: Using JtaPlatform implementation: [org.hibernate.engine.transaction.jta.platform.internal.NoJtaPlatform]
20:29:05.319  INFO &amp#27;[34m[main           ]&amp#27;[0;39m Initialized JPA EntityManagerFactory for persistence unit 'default'
20:29:06.226 DEBUG &amp#27;[34m[main           ]&amp#27;[0;39m Identified candidate component class: file [/Users/ManavSharma/Desktop/pholder/College/Y4/Sem 2/FYP Impl/TMS/target/classes/org/acme/schooltimetabling/domain/TimeTable.class]
20:29:06.236 DEBUG &amp#27;[34m[main           ]&amp#27;[0;39m Identified candidate component class: file [/Users/ManavSharma/Desktop/pholder/College/Y4/Sem 2/FYP Impl/TMS/target/classes/org/acme/schooltimetabling/domain/Lesson.class]
20:29:10.912  WARN &amp#27;[34m[main           ]&amp#27;[0;39m spring.jpa.open-in-view is enabled by default. Therefore, database queries may be performed during view rendering. Explicitly configure spring.jpa.open-in-view to disable this warning
20:29:12.009  INFO &amp#27;[34m[main           ]&amp#27;[0;39m Adding welcome page: class path resource [static/index.html]
20:29:13.983  INFO &amp#27;[34m[main           ]&amp#27;[0;39m Started TimeTableConstraintProviderTest in 21.567 seconds (JVM running for 24.617)
]]></system-out>
  </testcase>
  <testcase name="roomConflict" classname="org.acme.schooltimetabling.solver.TimeTableConstraintProviderTest" time="0.524"/>
  <testcase name="teacherConflict" classname="org.acme.schooltimetabling.solver.TimeTableConstraintProviderTest" time="0.529"/>
  <testcase name="studentGroupConflict" classname="org.acme.schooltimetabling.solver.TimeTableConstraintProviderTest" time="0.47"/>
  <testcase name="studentGroupSubjectVariety" classname="org.acme.schooltimetabling.solver.TimeTableConstraintProviderTest" time="0.986"/>
  <testcase name="teacherTimeEfficiency" classname="org.acme.schooltimetabling.solver.TimeTableConstraintProviderTest" time="1.223">
    <failure message="Broken expectation.&#10;        Constraint: org.acme.schooltimetabling.domain/Teacher time inefficiency&#10;   Expected reward: 1 (class java.lang.Integer)&#10;    Actual penalty: 1 (class java.lang.Integer)&#10;&#10;  Explanation of score (0hard/-1soft):&#10;    Constraint match totals:&#10;        -1soft: constraint (Teacher time inefficiency) has 1 matches:&#10;            -1soft: justifications ([Subject2(2), Subject3(3)])&#10;    Indictments:&#10;        -1soft: indicted object (Subject2(2)) has 1 matches:&#10;            -1soft: constraint (Teacher time inefficiency)&#10;        -1soft: indicted object (Subject3(3)) has 1 matches:&#10;            -1soft: constraint (Teacher time inefficiency)&#10;" type="java.lang.AssertionError"><![CDATA[java.lang.AssertionError: 
Broken expectation.
        Constraint: org.acme.schooltimetabling.domain/Teacher time inefficiency
   Expected reward: 1 (class java.lang.Integer)
    Actual penalty: 1 (class java.lang.Integer)

  Explanation of score (0hard/-1soft):
    Constraint match totals:
        -1soft: constraint (Teacher time inefficiency) has 1 matches:
            -1soft: justifications ([Subject2(2), Subject3(3)])
    Indictments:
        -1soft: indicted object (Subject2(2)) has 1 matches:
            -1soft: constraint (Teacher time inefficiency)
        -1soft: indicted object (Subject3(3)) has 1 matches:
            -1soft: constraint (Teacher time inefficiency)

	at org.optaplanner.test.impl.score.stream.DefaultSingleConstraintAssertion.assertImpact(DefaultSingleConstraintAssertion.java:154)
	at org.optaplanner.test.impl.score.stream.DefaultSingleConstraintAssertion.rewardsWith(DefaultSingleConstraintAssertion.java:95)
	at org.optaplanner.test.api.score.stream.SingleConstraintAssertion.rewardsWith(SingleConstraintAssertion.java:148)
	at org.acme.schooltimetabling.solver.TimeTableConstraintProviderTest.teacherTimeEfficiency(TimeTableConstraintProviderTest.java:80)
	at java.base/jdk.internal.reflect.DirectMethodHandleAccessor.invoke(DirectMethodHandleAccessor.java:104)
	at java.base/java.lang.reflect.Method.invoke(Method.java:578)
	at org.junit.platform.commons.util.ReflectionUtils.invokeMethod(ReflectionUtils.java:725)
	at org.junit.jupiter.engine.execution.MethodInvocation.proceed(MethodInvocation.java:60)
	at org.junit.jupiter.engine.execution.InvocationInterceptorChain$ValidatingInvocation.proceed(InvocationInterceptorChain.java:131)
	at org.junit.jupiter.engine.extension.TimeoutExtension.intercept(TimeoutExtension.java:149)
	at org.junit.jupiter.engine.extension.TimeoutExtension.interceptTestableMethod(TimeoutExtension.java:140)
	at org.junit.jupiter.engine.extension.TimeoutExtension.interceptTestMethod(TimeoutExtension.java:84)
	at org.junit.jupiter.engine.execution.ExecutableInvoker$ReflectiveInterceptorCall.lambda$ofVoidMethod$0(ExecutableInvoker.java:115)
	at org.junit.jupiter.engine.execution.ExecutableInvoker.lambda$invoke$0(ExecutableInvoker.java:105)
	at org.junit.jupiter.engine.execution.InvocationInterceptorChain$InterceptedInvocation.proceed(InvocationInterceptorChain.java:106)
	at org.junit.jupiter.engine.execution.InvocationInterceptorChain.proceed(InvocationInterceptorChain.java:64)
	at org.junit.jupiter.engine.execution.InvocationInterceptorChain.chainAndInvoke(InvocationInterceptorChain.java:45)
	at org.junit.jupiter.engine.execution.InvocationInterceptorChain.invoke(InvocationInterceptorChain.java:37)
	at org.junit.jupiter.engine.execution.ExecutableInvoker.invoke(ExecutableInvoker.java:104)
	at org.junit.jupiter.engine.execution.ExecutableInvoker.invoke(ExecutableInvoker.java:98)
	at org.junit.jupiter.engine.descriptor.TestMethodTestDescriptor.lambda$invokeTestMethod$7(TestMethodTestDescriptor.java:214)
	at org.junit.platform.engine.support.hierarchical.ThrowableCollector.execute(ThrowableCollector.java:73)
	at org.junit.jupiter.engine.descriptor.TestMethodTestDescriptor.invokeTestMethod(TestMethodTestDescriptor.java:210)
	at org.junit.jupiter.engine.descriptor.TestMethodTestDescriptor.execute(TestMethodTestDescriptor.java:135)
	at org.junit.jupiter.engine.descriptor.TestMethodTestDescriptor.execute(TestMethodTestDescriptor.java:66)
	at org.junit.platform.engine.support.hierarchical.NodeTestTask.lambda$executeRecursively$6(NodeTestTask.java:151)
	at org.junit.platform.engine.support.hierarchical.ThrowableCollector.execute(ThrowableCollector.java:73)
	at org.junit.platform.engine.support.hierarchical.NodeTestTask.lambda$executeRecursively$8(NodeTestTask.java:141)
	at org.junit.platform.engine.support.hierarchical.Node.around(Node.java:137)
	at org.junit.platform.engine.support.hierarchical.NodeTestTask.lambda$executeRecursively$9(NodeTestTask.java:139)
	at org.junit.platform.engine.support.hierarchical.ThrowableCollector.execute(ThrowableCollector.java:73)
	at org.junit.platform.engine.support.hierarchical.NodeTestTask.executeRecursively(NodeTestTask.java:138)
	at org.junit.platform.engine.support.hierarchical.NodeTestTask.execute(NodeTestTask.java:95)
	at java.base/java.util.ArrayList.forEach(ArrayList.java:1511)
	at org.junit.platform.engine.support.hierarchical.SameThreadHierarchicalTestExecutorService.invokeAll(SameThreadHierarchicalTestExecutorService.java:41)
	at org.junit.platform.engine.support.hierarchical.NodeTestTask.lambda$executeRecursively$6(NodeTestTask.java:155)
	at org.junit.platform.engine.support.hierarchical.ThrowableCollector.execute(ThrowableCollector.java:73)
	at org.junit.platform.engine.support.hierarchical.NodeTestTask.lambda$executeRecursively$8(NodeTestTask.java:141)
	at org.junit.platform.engine.support.hierarchical.Node.around(Node.java:137)
	at org.junit.platform.engine.support.hierarchical.NodeTestTask.lambda$executeRecursively$9(NodeTestTask.java:139)
	at org.junit.platform.engine.support.hierarchical.ThrowableCollector.execute(ThrowableCollector.java:73)
	at org.junit.platform.engine.support.hierarchical.NodeTestTask.executeRecursively(NodeTestTask.java:138)
	at org.junit.platform.engine.support.hierarchical.NodeTestTask.execute(NodeTestTask.java:95)
	at java.base/java.util.ArrayList.forEach(ArrayList.java:1511)
	at org.junit.platform.engine.support.hierarchical.SameThreadHierarchicalTestExecutorService.invokeAll(SameThreadHierarchicalTestExecutorService.java:41)
	at org.junit.platform.engine.support.hierarchical.NodeTestTask.lambda$executeRecursively$6(NodeTestTask.java:155)
	at org.junit.platform.engine.support.hierarchical.ThrowableCollector.execute(ThrowableCollector.java:73)
	at org.junit.platform.engine.support.hierarchical.NodeTestTask.lambda$executeRecursively$8(NodeTestTask.java:141)
	at org.junit.platform.engine.support.hierarchical.Node.around(Node.java:137)
	at org.junit.platform.engine.support.hierarchical.NodeTestTask.lambda$executeRecursively$9(NodeTestTask.java:139)
	at org.junit.platform.engine.support.hierarchical.ThrowableCollector.execute(ThrowableCollector.java:73)
	at org.junit.platform.engine.support.hierarchical.NodeTestTask.executeRecursively(NodeTestTask.java:138)
	at org.junit.platform.engine.support.hierarchical.NodeTestTask.execute(NodeTestTask.java:95)
	at org.junit.platform.engine.support.hierarchical.SameThreadHierarchicalTestExecutorService.submit(SameThreadHierarchicalTestExecutorService.java:35)
	at org.junit.platform.engine.support.hierarchical.HierarchicalTestExecutor.execute(HierarchicalTestExecutor.java:57)
	at org.junit.platform.engine.support.hierarchical.HierarchicalTestEngine.execute(HierarchicalTestEngine.java:54)
	at org.junit.platform.launcher.core.EngineExecutionOrchestrator.execute(EngineExecutionOrchestrator.java:107)
	at org.junit.platform.launcher.core.EngineExecutionOrchestrator.execute(EngineExecutionOrchestrator.java:88)
	at org.junit.platform.launcher.core.EngineExecutionOrchestrator.lambda$execute$0(EngineExecutionOrchestrator.java:54)
	at org.junit.platform.launcher.core.EngineExecutionOrchestrator.withInterceptedStreams(EngineExecutionOrchestrator.java:67)
	at org.junit.platform.launcher.core.EngineExecutionOrchestrator.execute(EngineExecutionOrchestrator.java:52)
	at org.junit.platform.launcher.core.DefaultLauncher.execute(DefaultLauncher.java:114)
	at org.junit.platform.launcher.core.DefaultLauncher.execute(DefaultLauncher.java:86)
	at org.junit.platform.launcher.core.DefaultLauncherSession$DelegatingLauncher.execute(DefaultLauncherSession.java:86)
	at org.apache.maven.surefire.junitplatform.LazyLauncher.execute(LazyLauncher.java:55)
	at org.apache.maven.surefire.junitplatform.JUnitPlatformProvider.execute(JUnitPlatformProvider.java:223)
	at org.apache.maven.surefire.junitplatform.JUnitPlatformProvider.invokeAllTests(JUnitPlatformProvider.java:175)
	at org.apache.maven.surefire.junitplatform.JUnitPlatformProvider.invoke(JUnitPlatformProvider.java:139)
	at org.apache.maven.surefire.booter.ForkedBooter.runSuitesInProcess(ForkedBooter.java:456)
	at org.apache.maven.surefire.booter.ForkedBooter.execute(ForkedBooter.java:169)
	at org.apache.maven.surefire.booter.ForkedBooter.run(ForkedBooter.java:595)
	at org.apache.maven.surefire.booter.ForkedBooter.main(ForkedBooter.java:581)
]]></failure>
  </testcase>
</testsuite>